Copyright 1986-2016 Xilinx, Inc. All Rights Reserved.
-------------------------------------------------------------------------------------------------------------------------------------------------
| Tool Version     : Vivado v.2016.2 (win64) Build 1577090 Thu Jun  2 16:32:40 MDT 2016
| Date             : Sat Apr 01 16:44:10 2017
| Host             : Michael-PC running 64-bit major release  (build 9200)
| Command          : report_power -file myDAC_TOP_power_routed.rpt -pb myDAC_TOP_power_summary_routed.pb -rpx myDAC_TOP_power_routed.rpx
| Design           : myDAC_TOP
| Device           : xc7a35tcpg236-1
| Design State     : routed
| Grade            : commercial
| Process          : typical
| Characterization : Production
-------------------------------------------------------------------------------------------------------------------------------------------------

Power Report

Table of Contents
-----------------
1. Summary
1.1 On-Chip Components
1.2 Power Supply Summary
1.3 Confidence Level
2. Settings
2.1 Environment
2.2 Clock Constraints
3. Detailed Reports
3.1 By Hierarchy

1. Summary
----------

+--------------------------+-------+
| Total On-Chip Power (W)  | 0.090 |
| Dynamic (W)              | 0.018 |
| Device Static (W)        | 0.072 |
| Effective TJA (C/W)      | 5.0   |
| Max Ambient (C)          | 84.6  |
| Junction Temperature (C) | 25.4  |
| Confidence Level         | Low   |
| Setting File             | ---   |
| Simulation Activity File | ---   |
| Design Nets Matched      | NA    |
+--------------------------+-------+


1.1 On-Chip Components
----------------------

+-------------------------+-----------+----------+-----------+-----------------+
| On-Chip                 | Power (W) | Used     | Available | Utilization (%) |
+-------------------------+-----------+----------+-----------+-----------------+
| Clocks                  |     0.004 |        3 |       --- |             --- |
| Slice Logic             |     0.003 |    16445 |       --- |             --- |
|   LUT as Logic          |     0.002 |    11044 |     20800 |           53.10 |
|   CARRY4                |    <0.001 |     2488 |      8150 |           30.53 |
|   Register              |    <0.001 |     1048 |     41600 |            2.52 |
|   BUFG                  |    <0.001 |        7 |        32 |           21.88 |
|   F7/F8 Muxes           |    <0.001 |       70 |     32600 |            0.21 |
|   LUT as Shift Register |    <0.001 |        2 |      9600 |            0.02 |
|   Others                |     0.000 |      120 |       --- |             --- |
| Signals                 |     0.003 |    13682 |       --- |             --- |
| DSPs                    |    <0.001 |       16 |        90 |           17.78 |
| I/O                     |     0.008 |       54 |       106 |           50.94 |
| Static Power            |     0.072 |          |           |                 |
| Total                   |     0.090 |          |           |                 |
+-------------------------+-----------+----------+-----------+-----------------+


1.2 Power Supply Summary
------------------------

+-----------+-------------+-----------+-------------+------------+
| Source    | Voltage (V) | Total (A) | Dynamic (A) | Static (A) |
+-----------+-------------+-----------+-------------+------------+
| Vccint    |       1.000 |     0.020 |       0.011 |      0.010 |
| Vccaux    |       1.800 |     0.013 |       0.000 |      0.013 |
| Vcco33    |       3.300 |     0.003 |       0.002 |      0.001 |
| Vcco25    |       2.500 |     0.000 |       0.000 |      0.000 |
| Vcco18    |       1.800 |     0.000 |       0.000 |      0.000 |
| Vcco15    |       1.500 |     0.000 |       0.000 |      0.000 |
| Vcco135   |       1.350 |     0.000 |       0.000 |      0.000 |
| Vcco12    |       1.200 |     0.000 |       0.000 |      0.000 |
| Vccaux_io |       1.800 |     0.000 |       0.000 |      0.000 |
| Vccbram   |       1.000 |     0.000 |       0.000 |      0.000 |
| MGTAVcc   |       1.000 |     0.000 |       0.000 |      0.000 |
| MGTAVtt   |       1.200 |     0.000 |       0.000 |      0.000 |
| Vccadc    |       1.800 |     0.020 |       0.000 |      0.020 |
+-----------+-------------+-----------+-------------+------------+


1.3 Confidence Level
--------------------

+-----------------------------+------------+--------------------------------------------------------+--------------------------------------------------------------------------------------------------------------------+
| User Input Data             | Confidence | Details                                                | Action                                                                                                             |
+-----------------------------+------------+--------------------------------------------------------+--------------------------------------------------------------------------------------------------------------------+
| Design implementation state | High       | Design is routed                                       |                                                                                                                    |
| Clock nodes activity        | Low        | User specified less than 75% of clocks                 | Provide missing clock activity with a constraint file, simulation results or by editing the "By Clock Domain" view |
| I/O nodes activity          | Low        | More than 75% of inputs are missing user specification | Provide missing input activity with simulation results or by editing the "By Resource Type -> I/Os" view           |
| Internal nodes activity     | Medium     | User specified less than 25% of internal nodes         | Provide missing internal nodes activity with simulation results or by editing the "By Resource Type" views         |
| Device models               | High       | Device models are Production                           |                                                                                                                    |
|                             |            |                                                        |                                                                                                                    |
| Overall confidence level    | Low        |                                                        |                                                                                                                    |
+-----------------------------+------------+--------------------------------------------------------+--------------------------------------------------------------------------------------------------------------------+


2. Settings
-----------

2.1 Environment
---------------

+-----------------------+--------------------------+
| Ambient Temp (C)      | 25.0                     |
| ThetaJA (C/W)         | 5.0                      |
| Airflow (LFM)         | 250                      |
| Heat Sink             | medium (Medium Profile)  |
| ThetaSA (C/W)         | 4.6                      |
| Board Selection       | medium (10"x10")         |
| # of Board Layers     | 12to15 (12 to 15 Layers) |
| Board Temperature (C) | 25.0                     |
+-----------------------+--------------------------+


2.2 Clock Constraints
---------------------

+-------------+--------+-----------------+
| Clock       | Domain | Constraint (ns) |
+-------------+--------+-----------------+
| sys_clk_pin | CLK    |            10.0 |
+-------------+--------+-----------------+


3. Detailed Reports
-------------------

3.1 By Hierarchy
----------------

+---------------------+-----------+
| Name                | Power (W) |
+---------------------+-----------+
| myDAC_TOP           |     0.018 |
|   AM                |     0.000 |
|   ARB               |     0.000 |
|   CLOCKA            |     0.002 |
|     getCount        |    <0.001 |
|     getCountSin     |    <0.001 |
|   CLOCKB            |    <0.001 |
|     getCount        |    <0.001 |
|     getCountSin     |    <0.001 |
|   DB1               |    <0.001 |
|     pc1             |    <0.001 |
|     pc2             |     0.000 |
|   DB2               |    <0.001 |
|     pc1             |    <0.001 |
|     pc2             |     0.000 |
|   DB3               |     0.000 |
|     pc1             |     0.000 |
|     pc2             |     0.000 |
|   DB4               |     0.000 |
|     pc1             |     0.000 |
|     pc2             |     0.000 |
|   DB5               |    <0.001 |
|     pc1             |    <0.001 |
|     pc2             |     0.000 |
|   SINEA             |    <0.001 |
|   SINEB             |    <0.001 |
|   SQUAREA           |    <0.001 |
|   SQUAREB           |    <0.001 |
|   TRIANGLEA         |    <0.001 |
|   TRIANGLEB         |    <0.001 |
|   adjDCycle         |    <0.001 |
|   clk1              |    <0.001 |
|   getFreq           |    <0.001 |
|   moveStep          |    <0.001 |
|   selDisplay        |     0.005 |
|     displayAmpBitA  |    <0.001 |
|     displayAmpBitB  |    <0.001 |
|     displayAmpVoltA |    <0.001 |
|     displayAmpVoltB |    <0.001 |
|     displayDCycleA  |    <0.001 |
|     displayDCycleB  |    <0.001 |
|     displayDashA    |    <0.001 |
|     displayFreqA    |    <0.001 |
|     displayFreqB    |    <0.001 |
|     displayMaxA     |    <0.001 |
|     displayMaxB     |    <0.001 |
|     displayMinA     |    <0.001 |
|     displayMinB     |    <0.001 |
|     displayVMaxA    |    <0.001 |
|     displayVMaxB    |    <0.001 |
|     displayVMinA    |    <0.001 |
|     displayVMinB    |    <0.001 |
|     vParseA         |    <0.001 |
|     vParseB         |     0.000 |
|   selLED            |    <0.001 |
|   selSignal         |    <0.001 |
|   selStep           |    <0.001 |
|   u1                |    <0.001 |
+---------------------+-----------+


